Vivado Simulator v2024.1
Copyright 1986-2022 Xilinx, Inc. All Rights Reserved.
Copyright 2022-2024 Advanced Micro Devices, Inc. All Rights Reserved.
Running: C:/Xilinx/Vivado/2024.1/bin/unwrapped/win64.o/xelab.exe --incr --debug typical --relax --mt 2 -L xil_defaultlib -L unisims_ver -L unimacro_ver -L secureip --snapshot top_tb_behav xil_defaultlib.top_tb xil_defaultlib.glbl -log elaborate.log 
Using 2 slave threads.
Starting static elaboration
Pass Through NonSizing Optimizer
Completed static elaboration
Starting simulation data flow analysis
Completed simulation data flow analysis
Time Resolution for simulation is 1ps
Compiling module xil_defaultlib.cu
Compiling module xil_defaultlib.mux88
Compiling module xil_defaultlib.decoder
Compiling module xil_defaultlib.mux8_16
Compiling module xil_defaultlib.register
Compiling module xil_defaultlib.regfile
Compiling module xil_defaultlib.rb
Compiling module xil_defaultlib.and8
Compiling module xil_defaultlib.xor8
Compiling module xil_defaultlib.add8
Compiling module xil_defaultlib.criclerShift
Compiling module xil_defaultlib.mux8
Compiling module xil_defaultlib.mux2
Compiling module xil_defaultlib.zeroComparator
Compiling module xil_defaultlib.alu
Compiling module xil_defaultlib.top
Compiling module xil_defaultlib.top_tb
Compiling module xil_defaultlib.glbl
Built simulation snapshot top_tb_behav
