INFO: [VRFC 10-2263] Analyzing Verilog file "C:/Users/jsphtkn/Vivado Projects/500T_2/500T_2.srcs/sources_1/new/alu.v" into library xil_defaultlib
INFO: [VRFC 10-311] analyzing module alu
INFO: [VRFC 10-311] analyzing module and8
INFO: [VRFC 10-311] analyzing module xor8
INFO: [VRFC 10-311] analyzing module add8
INFO: [VRFC 10-311] analyzing module criclerShift
INFO: [VRFC 10-311] analyzing module zeroComparator
INFO: [VRFC 10-311] analyzing module mux8
INFO: [VRFC 10-311] analyzing module mux2
INFO: [VRFC 10-2263] Analyzing Verilog file "C:/Users/jsphtkn/Vivado Projects/500T_2/500T_2.srcs/sources_1/new/cu.v" into library xil_defaultlib
INFO: [VRFC 10-311] analyzing module cu
INFO: [VRFC 10-2263] Analyzing Verilog file "C:/Users/jsphtkn/Vivado Projects/500T_2/500T_2.srcs/sources_1/new/rb.v" into library xil_defaultlib
INFO: [VRFC 10-311] analyzing module rb
WARNING: [VRFC 10-9336] redeclaration of ANSI port 'ALUout' is not allowed [C:/Users/jsphtkn/Vivado Projects/500T_2/500T_2.srcs/sources_1/new/rb.v:18]
WARNING: [VRFC 10-3380] identifier 'R1' is used before its declaration [C:/Users/jsphtkn/Vivado Projects/500T_2/500T_2.srcs/sources_1/new/rb.v:15]
WARNING: [VRFC 10-3380] identifier 'R2' is used before its declaration [C:/Users/jsphtkn/Vivado Projects/500T_2/500T_2.srcs/sources_1/new/rb.v:16]
WARNING: [VRFC 10-3380] identifier 'R3' is used before its declaration [C:/Users/jsphtkn/Vivado Projects/500T_2/500T_2.srcs/sources_1/new/rb.v:17]
INFO: [VRFC 10-311] analyzing module mux88
INFO: [VRFC 10-311] analyzing module decoder
INFO: [VRFC 10-311] analyzing module mux8_16
INFO: [VRFC 10-311] analyzing module register
INFO: [VRFC 10-311] analyzing module regfile
INFO: [VRFC 10-2263] Analyzing Verilog file "C:/Users/jsphtkn/Vivado Projects/500T_2/500T_2.srcs/sources_1/new/top.v" into library xil_defaultlib
INFO: [VRFC 10-311] analyzing module top
INFO: [VRFC 10-2263] Analyzing Verilog file "C:/Users/jsphtkn/Vivado Projects/500T_2/500T_2.srcs/sim_1/new/top_tb.v" into library xil_defaultlib
INFO: [VRFC 10-311] analyzing module top_tb
